C:\Program Files (x86)\MSBuild\Microsoft.Cpp\v4.0\V140\Microsoft.CppBuild.targets(368,5): warning MSB8004: Output Directory does not end with a trailing slash.  This build instance will add the slash as it is required to allow proper evaluation of the Output Directory.
  DemoApp.cpp
e:\台科学校课程\台科大三上\基础电脑图学\homework\tutorial png\include\opencv2\flann\logger.h(66): warning C4996: 'fopen': This function or variable may be unsafe. Consider using fopen_s instead. To disable deprecation, use _CRT_SECURE_NO_WARNINGS. See online help for details.
  C:\Program Files (x86)\Windows Kits\10\Include\10.0.10240.0\ucrt\stdio.h(205): note: 参见“fopen”的声明
DemoApp.cpp(76): warning C4244: “参数”: 从“double”转换到“GLfloat”，可能丢失数据
LINK : warning LNK4098: 默认库“LIBCMT”与其他库的使用冲突；请使用 /NODEFAULTLIB:library
  正在生成代码
  1 of 638 functions ( 0.2%) were compiled, the rest were copied from previous compilation.
    0 functions were new in current compilation
    0 functions had inline decision re-evaluated but remain unchanged
  已完成代码的生成
libpng16.lib(pngerror.obj) : warning LNK4099: 未找到 PDB“libpng.pdb”(使用“libpng16.lib(pngerror.obj)”或在“E:\台科学校课程\台科大三上\基础电脑图学\Homework\Tutorial PNG\Tutorial PNG\bin\libpng.pdb”中寻找)；正在链接对象，如同没有调试信息一样
libpng16.lib(png.obj) : warning LNK4099: 未找到 PDB“libpng.pdb”(使用“libpng16.lib(png.obj)”或在“E:\台科学校课程\台科大三上\基础电脑图学\Homework\Tutorial PNG\Tutorial PNG\bin\libpng.pdb”中寻找)；正在链接对象，如同没有调试信息一样
libpng16.lib(pngread.obj) : warning LNK4099: 未找到 PDB“libpng.pdb”(使用“libpng16.lib(pngread.obj)”或在“E:\台科学校课程\台科大三上\基础电脑图学\Homework\Tutorial PNG\Tutorial PNG\bin\libpng.pdb”中寻找)；正在链接对象，如同没有调试信息一样
libpng16.lib(pngget.obj) : warning LNK4099: 未找到 PDB“libpng.pdb”(使用“libpng16.lib(pngget.obj)”或在“E:\台科学校课程\台科大三上\基础电脑图学\Homework\Tutorial PNG\Tutorial PNG\bin\libpng.pdb”中寻找)；正在链接对象，如同没有调试信息一样
libpng16.lib(pngmem.obj) : warning LNK4099: 未找到 PDB“libpng.pdb”(使用“libpng16.lib(pngmem.obj)”或在“E:\台科学校课程\台科大三上\基础电脑图学\Homework\Tutorial PNG\Tutorial PNG\bin\libpng.pdb”中寻找)；正在链接对象，如同没有调试信息一样
libpng16.lib(pngwrite.obj) : warning LNK4099: 未找到 PDB“libpng.pdb”(使用“libpng16.lib(pngwrite.obj)”或在“E:\台科学校课程\台科大三上\基础电脑图学\Homework\Tutorial PNG\Tutorial PNG\bin\libpng.pdb”中寻找)；正在链接对象，如同没有调试信息一样
libpng16.lib(pngwutil.obj) : warning LNK4099: 未找到 PDB“libpng.pdb”(使用“libpng16.lib(pngwutil.obj)”或在“E:\台科学校课程\台科大三上\基础电脑图学\Homework\Tutorial PNG\Tutorial PNG\bin\libpng.pdb”中寻找)；正在链接对象，如同没有调试信息一样
libpng16.lib(pngrio.obj) : warning LNK4099: 未找到 PDB“libpng.pdb”(使用“libpng16.lib(pngrio.obj)”或在“E:\台科学校课程\台科大三上\基础电脑图学\Homework\Tutorial PNG\Tutorial PNG\bin\libpng.pdb”中寻找)；正在链接对象，如同没有调试信息一样
libpng16.lib(pngrutil.obj) : warning LNK4099: 未找到 PDB“libpng.pdb”(使用“libpng16.lib(pngrutil.obj)”或在“E:\台科学校课程\台科大三上\基础电脑图学\Homework\Tutorial PNG\Tutorial PNG\bin\libpng.pdb”中寻找)；正在链接对象，如同没有调试信息一样
libpng16.lib(pngrtran.obj) : warning LNK4099: 未找到 PDB“libpng.pdb”(使用“libpng16.lib(pngrtran.obj)”或在“E:\台科学校课程\台科大三上\基础电脑图学\Homework\Tutorial PNG\Tutorial PNG\bin\libpng.pdb”中寻找)；正在链接对象，如同没有调试信息一样
libpng16.lib(pngtrans.obj) : warning LNK4099: 未找到 PDB“libpng.pdb”(使用“libpng16.lib(pngtrans.obj)”或在“E:\台科学校课程\台科大三上\基础电脑图学\Homework\Tutorial PNG\Tutorial PNG\bin\libpng.pdb”中寻找)；正在链接对象，如同没有调试信息一样
libpng16.lib(pngset.obj) : warning LNK4099: 未找到 PDB“libpng.pdb”(使用“libpng16.lib(pngset.obj)”或在“E:\台科学校课程\台科大三上\基础电脑图学\Homework\Tutorial PNG\Tutorial PNG\bin\libpng.pdb”中寻找)；正在链接对象，如同没有调试信息一样
libpng16.lib(pngwio.obj) : warning LNK4099: 未找到 PDB“libpng.pdb”(使用“libpng16.lib(pngwio.obj)”或在“E:\台科学校课程\台科大三上\基础电脑图学\Homework\Tutorial PNG\Tutorial PNG\bin\libpng.pdb”中寻找)；正在链接对象，如同没有调试信息一样
libpng16.lib(pngwtran.obj) : warning LNK4099: 未找到 PDB“libpng.pdb”(使用“libpng16.lib(pngwtran.obj)”或在“E:\台科学校课程\台科大三上\基础电脑图学\Homework\Tutorial PNG\Tutorial PNG\bin\libpng.pdb”中寻找)；正在链接对象，如同没有调试信息一样
zlib.lib(adler32.obj) : warning LNK4099: 未找到 PDB“zlib.pdb”(使用“zlib.lib(adler32.obj)”或在“E:\台科学校课程\台科大三上\基础电脑图学\Homework\Tutorial PNG\Tutorial PNG\bin\zlib.pdb”中寻找)；正在链接对象，如同没有调试信息一样
zlib.lib(inflate.obj) : warning LNK4099: 未找到 PDB“zlib.pdb”(使用“zlib.lib(inflate.obj)”或在“E:\台科学校课程\台科大三上\基础电脑图学\Homework\Tutorial PNG\Tutorial PNG\bin\zlib.pdb”中寻找)；正在链接对象，如同没有调试信息一样
zlib.lib(crc32.obj) : warning LNK4099: 未找到 PDB“zlib.pdb”(使用“zlib.lib(crc32.obj)”或在“E:\台科学校课程\台科大三上\基础电脑图学\Homework\Tutorial PNG\Tutorial PNG\bin\zlib.pdb”中寻找)；正在链接对象，如同没有调试信息一样
zlib.lib(deflate.obj) : warning LNK4099: 未找到 PDB“zlib.pdb”(使用“zlib.lib(deflate.obj)”或在“E:\台科学校课程\台科大三上\基础电脑图学\Homework\Tutorial PNG\Tutorial PNG\bin\zlib.pdb”中寻找)；正在链接对象，如同没有调试信息一样
zlib.lib(inftrees.obj) : warning LNK4099: 未找到 PDB“zlib.pdb”(使用“zlib.lib(inftrees.obj)”或在“E:\台科学校课程\台科大三上\基础电脑图学\Homework\Tutorial PNG\Tutorial PNG\bin\zlib.pdb”中寻找)；正在链接对象，如同没有调试信息一样
zlib.lib(inffast.obj) : warning LNK4099: 未找到 PDB“zlib.pdb”(使用“zlib.lib(inffast.obj)”或在“E:\台科学校课程\台科大三上\基础电脑图学\Homework\Tutorial PNG\Tutorial PNG\bin\zlib.pdb”中寻找)；正在链接对象，如同没有调试信息一样
zlib.lib(zutil.obj) : warning LNK4099: 未找到 PDB“zlib.pdb”(使用“zlib.lib(zutil.obj)”或在“E:\台科学校课程\台科大三上\基础电脑图学\Homework\Tutorial PNG\Tutorial PNG\bin\zlib.pdb”中寻找)；正在链接对象，如同没有调试信息一样
zlib.lib(trees.obj) : warning LNK4099: 未找到 PDB“zlib.pdb”(使用“zlib.lib(trees.obj)”或在“E:\台科学校课程\台科大三上\基础电脑图学\Homework\Tutorial PNG\Tutorial PNG\bin\zlib.pdb”中寻找)；正在链接对象，如同没有调试信息一样
glew32s.lib(glew.obj) : warning LNK4099: 未找到 PDB“glew_static.pdb”(使用“glew32s.lib(glew.obj)”或在“E:\台科学校课程\台科大三上\基础电脑图学\Homework\Tutorial PNG\Tutorial PNG\bin\glew_static.pdb”中寻找)；正在链接对象，如同没有调试信息一样
  DemoApp.vcxproj -> E:\台科学校课程\台科大三上\基础电脑图学\Homework\Tutorial PNG\Tutorial PNG\bin\DemoApp.exe
  DemoApp.vcxproj -> E:\台科学校课程\台科大三上\基础电脑图学\Homework\Tutorial PNG\Tutorial PNG\bin\DemoApp.pdb (Full PDB)
